<?xml version="1.0" encoding="UTF-8"?>
<!-- Generated by org.testng.reporters.JUnitReportReporter -->
<testsuite hostname="DESKTOP-2UT2QN9" failures="0" tests="1" name="com.example.chrometest" time="13.048" errors="0" timestamp="2025-07-12T13:11:18 IST" skipped="0">
  <testcase classname="com.example.chrometest" name="launch" time="13.048"/>
</testsuite> <!-- com.example.chrometest -->
